<?xml version="1.0" encoding="UTF-8"?>
<!-- Generated by org.testng.reporters.JUnitReportReporter -->
<testsuite skipped="0" hostname="DESKTOP-2LPBGJ8" name="testNG.Test" tests="1" failures="0" timestamp="2022-08-16T21:31:40 EDT" time="0.022" errors="0">
  <testcase name="testA" time="0.022" classname="testNG.Test"/>
  <system-out/>
</testsuite> <!-- testNG.Test -->
