<?xml version="1.0" encoding="UTF-8"?>
<!-- Generated by org.testng.reporters.JUnitReportReporter -->
<testsuite skipped="0" hostname="DESKTOP-2LPBGJ8" name="testNG.Exclude" tests="1" failures="0" timestamp="2022-08-22T09:47:33 EDT" time="0.009" errors="0">
  <testcase name="test2" time="0.009" classname="testNG.Exclude"/>
  <system-out/>
</testsuite> <!-- testNG.Exclude -->
