<?xml version="1.0" encoding="UTF-8"?>
<!-- Generated by org.testng.reporters.JUnitReportReporter -->
<testsuite skipped="0" hostname="DESKTOP-2LPBGJ8" name="testNG.Parameters" tests="5" failures="0" timestamp="2022-08-18T15:48:15 EDT" time="12.093" errors="0">
  <testcase name="lounchBrowser" time="4.267" classname="testNG.Parameters"/>
  <system-out/>
  <testcase name="enterLoginDetails" time="4.212" classname="testNG.Parameters"/>
  <system-out/>
  <testcase name="launchApp" time="2.542" classname="testNG.Parameters"/>
  <system-out/>
  <testcase name="verifyLogin" time="0.149" classname="testNG.Parameters"/>
  <system-out/>
  <testcase name="verifLoginPage" time="0.923" classname="testNG.Parameters"/>
  <system-out/>
</testsuite> <!-- testNG.Parameters -->
