<?xml version="1.0" encoding="UTF-8"?>
<!-- Generated by org.testng.reporters.JUnitReportReporter -->
<testsuite skipped="0" hostname="DESKTOP-2LPBGJ8" name="testNG.Annotations" tests="2" failures="0" timestamp="2023-02-06T18:16:10 EST" time="0.028" errors="0">
  <testcase name="testMethod1" time="0.016" classname="testNG.Annotations"/>
  <system-out/>
  <testcase name="testMethod2" time="0.012" classname="testNG.Annotations"/>
  <system-out/>
</testsuite> <!-- testNG.Annotations -->
