<?xml version="1.0" encoding="UTF-8"?>
<!-- Generated by org.testng.reporters.JUnitReportReporter -->
<testsuite skipped="0" hostname="DESKTOP-2LPBGJ8" name="testNG.Ignore2" tests="3" failures="0" timestamp="2022-08-18T20:42:49 EDT" time="0.006" errors="0">
  <testcase name="SignedOutApp" time="0.002" classname="testNG.Ignore2"/>
  <system-out/>
  <testcase name="searchForFlights" time="0.001" classname="testNG.Ignore2"/>
  <system-out/>
  <testcase name="bookFlights" time="0.003" classname="testNG.Ignore2"/>
  <system-out/>
</testsuite> <!-- testNG.Ignore2 -->
