<?xml version="1.0" encoding="UTF-8"?>
<!-- Generated by org.testng.reporters.JUnitReportReporter -->
<testsuite skipped="0" hostname="DESKTOP-2LPBGJ8" name="testNG.Group1" tests="2" failures="0" timestamp="2022-08-22T09:39:26 EDT" time="0.012" errors="0">
  <testcase name="test2" time="0.011" classname="testNG.Group1"/>
  <system-out/>
  <testcase name="test3" time="0.001" classname="testNG.Group1"/>
  <system-out/>
</testsuite> <!-- testNG.Group1 -->
