<?xml version="1.0" encoding="UTF-8"?>
<!-- Generated by org.testng.reporters.JUnitReportReporter -->
<testsuite skipped="0" hostname="DESKTOP-2LPBGJ8" name="testNG.AssertionPractice" tests="1" failures="0" timestamp="2023-02-02T14:01:19 EST" time="10.416" errors="0">
  <testcase name="checkAssertion" time="10.416" classname="testNG.AssertionPractice"/>
  <system-out/>
</testsuite> <!-- testNG.AssertionPractice -->
