<?xml version="1.0" encoding="UTF-8"?>
<!-- Generated by org.testng.reporters.JUnitReportReporter -->
<testsuite skipped="0" hostname="DESKTOP-2LPBGJ8" name="testNG.Ignore" tests="2" failures="0" timestamp="2022-08-18T20:42:49 EDT" time="0.012" errors="0">
  <testcase name="test2" time="0.010" classname="testNG.Ignore"/>
  <system-out/>
  <testcase name="test3" time="0.002" classname="testNG.Ignore"/>
  <system-out/>
</testsuite> <!-- testNG.Ignore -->
