<?xml version="1.0" encoding="UTF-8"?>
<!-- Generated by org.testng.reporters.JUnitReportReporter -->
<testsuite skipped="0" hostname="DESKTOP-2LPBGJ8" name="testNG.FirstTest" tests="2" failures="0" timestamp="2022-08-18T15:29:33 EDT" time="21.332" errors="0">
  <testcase name="testFaceBook" time="9.353" classname="testNG.FirstTest"/>
  <system-out/>
  <testcase name="testGoogle" time="11.979" classname="testNG.FirstTest"/>
  <system-out/>
</testsuite> <!-- testNG.FirstTest -->
