<?xml version="1.0" encoding="UTF-8"?>
<!-- Generated by org.testng.reporters.JUnitReportReporter -->
<testsuite skipped="0" hostname="DESKTOP-2LPBGJ8" name="testNG.Perioritize" tests="6" failures="0" timestamp="2023-02-02T14:21:22 EST" time="0.025" errors="0">
  <testcase name="launchApp" time="0.012" classname="testNG.Perioritize"/>
  <system-out/>
  <testcase name="signUp" time="0.003" classname="testNG.Perioritize"/>
  <system-out/>
  <testcase name="SignedOutApp" time="0.003" classname="testNG.Perioritize"/>
  <system-out/>
  <testcase name="bookFlights" time="0.003" classname="testNG.Perioritize"/>
  <system-out/>
  <testcase name="logintoApp" time="0.002" classname="testNG.Perioritize"/>
  <system-out/>
  <testcase name="searchForFlights" time="0.002" classname="testNG.Perioritize"/>
  <system-out/>
</testsuite> <!-- testNG.Perioritize -->
