<?xml version="1.0" encoding="UTF-8"?>
<!-- Generated by org.testng.reporters.JUnitReportReporter -->
<testsuite skipped="0" hostname="DESKTOP-2LPBGJ8" name="testNG.DataProviderConcept" tests="2" failures="0" timestamp="2023-02-02T17:04:01 EST" time="26.724" errors="0">
  <testcase name="enterLoginDetails" time="16.378" classname="testNG.DataProviderConcept"/>
  <system-out/>
  <testcase name="enterLoginDetails" time="10.346" classname="testNG.DataProviderConcept"/>
  <system-out/>
</testsuite> <!-- testNG.DataProviderConcept -->
