<?xml version="1.0" encoding="UTF-8"?>
<!-- Generated by org.testng.reporters.JUnitReportReporter -->
<testsuite skipped="0" hostname="DESKTOP-2LPBGJ8" name="testNG.Practice2" tests="4" failures="0" timestamp="2022-08-18T20:47:55 EDT" time="12.424" errors="0">
  <testcase name="launchApp" time="7.601" classname="testNG.Practice2"/>
  <system-out/>
  <testcase name="verifLoginPage" time="0.833" classname="testNG.Practice2"/>
  <system-out/>
  <testcase name="enterLoginDetails" time="3.883" classname="testNG.Practice2"/>
  <system-out/>
  <testcase name="verifyLogin" time="0.107" classname="testNG.Practice2"/>
  <system-out/>
</testsuite> <!-- testNG.Practice2 -->
