<?xml version="1.0" encoding="UTF-8"?>
<!-- Generated by org.testng.reporters.JUnitReportReporter -->
<testsuite skipped="0" hostname="DESKTOP-2LPBGJ8" name="testNG.Group2" tests="2" failures="0" timestamp="2022-08-22T09:39:26 EDT" time="0.010" errors="0">
  <testcase name="SignedOutApp" time="0.008" classname="testNG.Group2"/>
  <system-out/>
  <testcase name="searchForFlights" time="0.002" classname="testNG.Group2"/>
  <system-out/>
</testsuite> <!-- testNG.Group2 -->
