<?xml version="1.0" encoding="UTF-8"?>
<!-- Generated by org.testng.reporters.JUnitReportReporter -->
<testsuite skipped="0" hostname="DESKTOP-2LPBGJ8" name="testNG.Parameter2" tests="1" failures="0" timestamp="2022-08-18T15:48:15 EDT" time="9.486" errors="0">
  <testcase name="testFaceBook" time="9.486" classname="testNG.Parameter2"/>
  <system-out/>
</testsuite> <!-- testNG.Parameter2 -->
