<?xml version="1.0" encoding="UTF-8"?>
<!-- Generated by org.testng.reporters.JUnitReportReporter -->
<testsuite skipped="0" hostname="DESKTOP-2LPBGJ8" name="myTest.FirstTest" tests="1" failures="0" timestamp="01 Dec 2022 20:34:26 GMT" time="6.276" errors="0">
  <testcase name="TestGoogle" time="6.276" classname="myTest.FirstTest"/>
</testsuite> <!-- myTest.FirstTest -->
