<?xml version="1.0" encoding="UTF-8"?>
<!-- Generated by org.testng.reporters.JUnitReportReporter -->
<testsuite skipped="0" hostname="DESKTOP-2LPBGJ8" name="rahulShetty.Day1" tests="1" failures="0" timestamp="01 Dec 2022 23:50:24 GMT" time="0.014" errors="0">
  <testcase name="logout" time="0.014" classname="rahulShetty.Day1"/>
</testsuite> <!-- rahulShetty.Day1 -->
