<?xml version="1.0" encoding="UTF-8"?>
<!-- Generated by org.testng.reporters.JUnitReportReporter -->
<testsuite skipped="0" hostname="DESKTOP-2LPBGJ8" name="rahulShetty.Day2" tests="1" failures="0" timestamp="01 Dec 2022 23:50:24 GMT" time="0.004" errors="0">
  <testcase name="checkEngine" time="0.004" classname="rahulShetty.Day2"/>
</testsuite> <!-- rahulShetty.Day2 -->
